<?xml version="1.0" encoding="UTF-8"?>
<!-- Generated by org.testng.reporters.JUnitReportReporter -->
<testsuite hostname="CGVAK-204" name="pak0.D1" tests="5" failures="0" timestamp="5 Nov 2015 11:42:26 GMT" time="188.549" errors="0">
  <testcase name="ViewSalesOrder" time="37.330" classname="pak0.D1"/>
  <testcase name="SearchSaleOrder" time="27.535" classname="pak0.D1"/>
  <testcase name="AddSalesOrder" time="54.738" classname="pak0.D1"/>
  <testcase name="DeleteSalesOrder" time="29.784" classname="pak0.D1"/>
  <testcase name="EditSalesOrder" time="39.162" classname="pak0.D1"/>
</testsuite> <!-- pak0.D1 -->
