<?xml version="1.0" encoding="UTF-8"?>
<!-- Generated by org.testng.reporters.JUnitReportReporter -->
<testsuite hostname="CGVAK-204" name="Test.test123" tests="5" failures="0" timestamp="4 Nov 2015 13:37:25 GMT" time="146.721" errors="0">
  <testcase name="EditSalesOrder" time="26.731" classname="Test.test123"/>
  <testcase name="AddSalesOrder" time="40.886" classname="Test.test123"/>
  <testcase name="ViewSalesOrder" time="17.280" classname="Test.test123"/>
  <testcase name="SearchSaleOrder" time="18.045" classname="Test.test123"/>
  <testcase name="DeleteSalesOrder" time="43.779" classname="Test.test123"/>
</testsuite> <!-- Test.test123 -->
