<?xml version="1.0" encoding="UTF-8"?>
<!-- Generated by org.testng.reporters.JUnitReportReporter -->
<testsuite hostname="CGVAK-204" name="pak1.Login" tests="1" failures="0" timestamp="4 Nov 2015 06:48:03 GMT" time="25.623" errors="0">
  <testcase name="Login1" time="25.623" classname="pak1.Login"/>
</testsuite> <!-- pak1.Login -->
