<?xml version="1.0" encoding="UTF-8"?>
<!-- Generated by org.testng.reporters.JUnitReportReporter -->
<testsuite hostname="CGVAK-204" name="pak1.Login" tests="1" failures="0" timestamp="3 Nov 2015 08:02:05 GMT" time="25.676" errors="0">
  <testcase name="Login1" time="25.676" classname="pak1.Login"/>
</testsuite> <!-- pak1.Login -->
