<?xml version="1.0" encoding="UTF-8"?>
<!-- Generated by org.testng.reporters.JUnitReportReporter -->
<testsuite hostname="CGVAK-204" name="pak1.SOManipulation" tests="2" failures="0" timestamp="4 Nov 2015 08:15:52 GMT" time="47.098" errors="0">
  <testcase name="EditSO" time="15.733" classname="pak1.SOManipulation"/>
  <testcase name="AddSO" time="31.365" classname="pak1.SOManipulation"/>
</testsuite> <!-- pak1.SOManipulation -->
