<?xml version="1.0" encoding="UTF-8"?>
<!-- Generated by org.testng.reporters.JUnitReportReporter -->
<testsuite hostname="CGVAK-204" name="pak1.SOManipulation" tests="6" failures="0" timestamp="4 Nov 2015 10:33:45 GMT" time="161.791" errors="0">
  <testcase name="Login" time="28.131" classname="pak1.SOManipulation"/>
  <testcase name="EditSO" time="25.464" classname="pak1.SOManipulation"/>
  <testcase name="ViewSO" time="25.339" classname="pak1.SOManipulation"/>
  <testcase name="DeleteSO" time="38.485" classname="pak1.SOManipulation"/>
  <testcase name="AddSO" time="29.673" classname="pak1.SOManipulation"/>
  <testcase name="SearchSO" time="14.699" classname="pak1.SOManipulation"/>
</testsuite> <!-- pak1.SOManipulation -->
