<?xml version="1.0" encoding="UTF-8"?>
<!-- Generated by org.testng.reporters.JUnitReportReporter -->
<testsuite hostname="CGVAK-204" name="pak0.DemoSOManipulation" tests="2" failures="0" timestamp="4 Nov 2015 13:23:31 GMT" time="91.872" errors="0">
  <testcase name="AddSO" time="42.648" classname="pak0.DemoSOManipulation"/>
  <testcase name="Login" time="49.224" classname="pak0.DemoSOManipulation"/>
</testsuite> <!-- pak0.DemoSOManipulation -->
